CRITICAL - 2025-08-06 14:45:04 --> Error: Object of class App\Models\Report could not be converted to string
[Method: GET, Route: /]
in APPPATH/Controllers/HomeController.php on line 13.
 1 SYSTEMPATH/CodeIgniter.php(933): App\Controllers\HomeController->index()
 2 SYSTEMPATH/CodeIgniter.php(507): CodeIgniter\CodeIgniter->runController(Object(App\Controllers\HomeController))
 3 SYSTEMPATH/CodeIgniter.php(354): CodeIgniter\CodeIgniter->handleRequest(null, Object(Config\Cache), false)
 4 SYSTEMPATH/Boot.php(363): CodeIgniter\CodeIgniter->run()
 5 SYSTEMPATH/Boot.php(68): CodeIgniter\Boot::runCodeIgniter(Object(CodeIgniter\CodeIgniter))
 6 FCPATH/index.php(59): CodeIgniter\Boot::bootWeb(Object(Config\Paths))
ERROR - 2025-08-06 14:46:21 --> mysqli_sql_exception: Unknown column 'reports.deleted_at' in 'where clause' in /var/www/system/Database/MySQLi/Connection.php:327
Stack trace:
#0 /var/www/system/Database/MySQLi/Connection.php(327): mysqli->query('SELECT *\nFROM `...', 0)
#1 /var/www/system/Database/BaseConnection.php(729): CodeIgniter\Database\MySQLi\Connection->execute('SELECT *\nFROM `...')
#2 /var/www/system/Database/BaseConnection.php(646): CodeIgniter\Database\BaseConnection->simpleQuery('SELECT *\nFROM `...')
#3 /var/www/system/Database/BaseBuilder.php(1649): CodeIgniter\Database\BaseConnection->query('SELECT *\nFROM `...', Array, false)
#4 /var/www/system/Model.php(286): CodeIgniter\Database\BaseBuilder->get()
#5 /var/www/system/BaseModel.php(677): CodeIgniter\Model->doFindAll(0, 0)
#6 /var/www/app/Controllers/HomeController.php(15): CodeIgniter\BaseModel->findAll()
#7 /var/www/system/CodeIgniter.php(933): App\Controllers\HomeController->index()
#8 /var/www/system/CodeIgniter.php(507): CodeIgniter\CodeIgniter->runController(Object(App\Controllers\HomeController))
#9 /var/www/system/CodeIgniter.php(354): CodeIgniter\CodeIgniter->handleRequest(NULL, Object(Config\Cache), false)
#10 /var/www/system/Boot.php(363): CodeIgniter\CodeIgniter->run()
#11 /var/www/system/Boot.php(68): CodeIgniter\Boot::runCodeIgniter(Object(CodeIgniter\CodeIgniter))
#12 /var/www/public/index.php(59): CodeIgniter\Boot::bootWeb(Object(Config\Paths))
#13 {main}
CRITICAL - 2025-08-06 14:46:21 --> CodeIgniter\Database\Exceptions\DatabaseException: Unknown column 'reports.deleted_at' in 'where clause'
[Method: GET, Route: /]
in SYSTEMPATH/Database/BaseConnection.php on line 684.
 1 SYSTEMPATH/Database/BaseBuilder.php(1649): CodeIgniter\Database\BaseConnection->query('SELECT *
FROM `reports`
WHERE `reports`.`deleted_at` IS NULL', [], false)
 2 SYSTEMPATH/Model.php(286): CodeIgniter\Database\BaseBuilder->get()
 3 SYSTEMPATH/BaseModel.php(677): CodeIgniter\Model->doFindAll(0, 0)
 4 APPPATH/Controllers/HomeController.php(15): CodeIgniter\BaseModel->findAll()
 5 SYSTEMPATH/CodeIgniter.php(933): App\Controllers\HomeController->index()
 6 SYSTEMPATH/CodeIgniter.php(507): CodeIgniter\CodeIgniter->runController(Object(App\Controllers\HomeController))
 7 SYSTEMPATH/CodeIgniter.php(354): CodeIgniter\CodeIgniter->handleRequest(null, Object(Config\Cache), false)
 8 SYSTEMPATH/Boot.php(363): CodeIgniter\CodeIgniter->run()
 9 SYSTEMPATH/Boot.php(68): CodeIgniter\Boot::runCodeIgniter(Object(CodeIgniter\CodeIgniter))
10 FCPATH/index.php(59): CodeIgniter\Boot::bootWeb(Object(Config\Paths))
CRITICAL - 2025-08-06 14:46:21 --> [Caused by] CodeIgniter\Database\Exceptions\DatabaseException: Unknown column 'reports.deleted_at' in 'where clause'
in SYSTEMPATH/Database/MySQLi/Connection.php on line 332.
 1 SYSTEMPATH/Database/BaseConnection.php(729): CodeIgniter\Database\MySQLi\Connection->execute('SELECT *
FROM `reports`
WHERE `reports`.`deleted_at` IS NULL')
 2 SYSTEMPATH/Database/BaseConnection.php(646): CodeIgniter\Database\BaseConnection->simpleQuery('SELECT *
FROM `reports`
WHERE `reports`.`deleted_at` IS NULL')
 3 SYSTEMPATH/Database/BaseBuilder.php(1649): CodeIgniter\Database\BaseConnection->query('SELECT *
FROM `reports`
WHERE `reports`.`deleted_at` IS NULL', [], false)
 4 SYSTEMPATH/Model.php(286): CodeIgniter\Database\BaseBuilder->get()
 5 SYSTEMPATH/BaseModel.php(677): CodeIgniter\Model->doFindAll(0, 0)
 6 APPPATH/Controllers/HomeController.php(15): CodeIgniter\BaseModel->findAll()
 7 SYSTEMPATH/CodeIgniter.php(933): App\Controllers\HomeController->index()
 8 SYSTEMPATH/CodeIgniter.php(507): CodeIgniter\CodeIgniter->runController(Object(App\Controllers\HomeController))
 9 SYSTEMPATH/CodeIgniter.php(354): CodeIgniter\CodeIgniter->handleRequest(null, Object(Config\Cache), false)
10 SYSTEMPATH/Boot.php(363): CodeIgniter\CodeIgniter->run()
11 SYSTEMPATH/Boot.php(68): CodeIgniter\Boot::runCodeIgniter(Object(CodeIgniter\CodeIgniter))
12 FCPATH/index.php(59): CodeIgniter\Boot::bootWeb(Object(Config\Paths))
CRITICAL - 2025-08-06 14:46:21 --> [Caused by] mysqli_sql_exception: Unknown column 'reports.deleted_at' in 'where clause'
in SYSTEMPATH/Database/MySQLi/Connection.php on line 327.
 1 SYSTEMPATH/Database/MySQLi/Connection.php(327): mysqli->query('SELECT *
FROM `reports`
WHERE `reports`.`deleted_at` IS NULL', 0)
 2 SYSTEMPATH/Database/BaseConnection.php(729): CodeIgniter\Database\MySQLi\Connection->execute('SELECT *
FROM `reports`
WHERE `reports`.`deleted_at` IS NULL')
 3 SYSTEMPATH/Database/BaseConnection.php(646): CodeIgniter\Database\BaseConnection->simpleQuery('SELECT *
FROM `reports`
WHERE `reports`.`deleted_at` IS NULL')
 4 SYSTEMPATH/Database/BaseBuilder.php(1649): CodeIgniter\Database\BaseConnection->query('SELECT *
FROM `reports`
WHERE `reports`.`deleted_at` IS NULL', [], false)
 5 SYSTEMPATH/Model.php(286): CodeIgniter\Database\BaseBuilder->get()
 6 SYSTEMPATH/BaseModel.php(677): CodeIgniter\Model->doFindAll(0, 0)
 7 APPPATH/Controllers/HomeController.php(15): CodeIgniter\BaseModel->findAll()
 8 SYSTEMPATH/CodeIgniter.php(933): App\Controllers\HomeController->index()
 9 SYSTEMPATH/CodeIgniter.php(507): CodeIgniter\CodeIgniter->runController(Object(App\Controllers\HomeController))
10 SYSTEMPATH/CodeIgniter.php(354): CodeIgniter\CodeIgniter->handleRequest(null, Object(Config\Cache), false)
11 SYSTEMPATH/Boot.php(363): CodeIgniter\CodeIgniter->run()
12 SYSTEMPATH/Boot.php(68): CodeIgniter\Boot::runCodeIgniter(Object(CodeIgniter\CodeIgniter))
13 FCPATH/index.php(59): CodeIgniter\Boot::bootWeb(Object(Config\Paths))
CRITICAL - 2025-08-06 15:00:03 --> ParseError: Unclosed '{' on line 35
[Method: GET, Route: /]
in APPPATH/Views/home.php on line 53.
 1 SYSTEMPATH/View/View.php(229): CodeIgniter\View\View->CodeIgniter\View\{closure}()
 2 SYSTEMPATH/Common.php(1167): CodeIgniter\View\View->render('home', [], true)
 3 APPPATH/Controllers/BaseController.php(68): view('home', [...])
 4 APPPATH/Controllers/HomeController.php(17): App\Controllers\BaseController->render('home', [...])
 5 SYSTEMPATH/CodeIgniter.php(933): App\Controllers\HomeController->index()
 6 SYSTEMPATH/CodeIgniter.php(507): CodeIgniter\CodeIgniter->runController(Object(App\Controllers\HomeController))
 7 SYSTEMPATH/CodeIgniter.php(354): CodeIgniter\CodeIgniter->handleRequest(null, Object(Config\Cache), false)
 8 SYSTEMPATH/Boot.php(363): CodeIgniter\CodeIgniter->run()
 9 SYSTEMPATH/Boot.php(68): CodeIgniter\Boot::runCodeIgniter(Object(CodeIgniter\CodeIgniter))
10 FCPATH/index.php(59): CodeIgniter\Boot::bootWeb(Object(Config\Paths))
CRITICAL - 2025-08-06 15:05:43 --> ParseError: syntax error, unexpected token "endforeach", expecting end of file
[Method: GET, Route: /]
in APPPATH/Views/home.php on line 51.
 1 SYSTEMPATH/View/View.php(229): CodeIgniter\View\View->CodeIgniter\View\{closure}()
 2 SYSTEMPATH/Common.php(1167): CodeIgniter\View\View->render('home', [], true)
 3 APPPATH/Controllers/BaseController.php(68): view('home', [...])
 4 APPPATH/Controllers/HomeController.php(17): App\Controllers\BaseController->render('home', [...])
 5 SYSTEMPATH/CodeIgniter.php(933): App\Controllers\HomeController->index()
 6 SYSTEMPATH/CodeIgniter.php(507): CodeIgniter\CodeIgniter->runController(Object(App\Controllers\HomeController))
 7 SYSTEMPATH/CodeIgniter.php(354): CodeIgniter\CodeIgniter->handleRequest(null, Object(Config\Cache), false)
 8 SYSTEMPATH/Boot.php(363): CodeIgniter\CodeIgniter->run()
 9 SYSTEMPATH/Boot.php(68): CodeIgniter\Boot::runCodeIgniter(Object(CodeIgniter\CodeIgniter))
10 FCPATH/index.php(59): CodeIgniter\Boot::bootWeb(Object(Config\Paths))
CRITICAL - 2025-08-06 15:07:59 --> ParseError: syntax error, unexpected token "endforeach"
[Method: GET, Route: /]
in APPPATH/Views/home.php on line 51.
 1 SYSTEMPATH/View/View.php(229): CodeIgniter\View\View->CodeIgniter\View\{closure}()
 2 SYSTEMPATH/Common.php(1167): CodeIgniter\View\View->render('home', [], true)
 3 APPPATH/Controllers/BaseController.php(68): view('home', [...])
 4 APPPATH/Controllers/HomeController.php(17): App\Controllers\BaseController->render('home', [...])
 5 SYSTEMPATH/CodeIgniter.php(933): App\Controllers\HomeController->index()
 6 SYSTEMPATH/CodeIgniter.php(507): CodeIgniter\CodeIgniter->runController(Object(App\Controllers\HomeController))
 7 SYSTEMPATH/CodeIgniter.php(354): CodeIgniter\CodeIgniter->handleRequest(null, Object(Config\Cache), false)
 8 SYSTEMPATH/Boot.php(363): CodeIgniter\CodeIgniter->run()
 9 SYSTEMPATH/Boot.php(68): CodeIgniter\Boot::runCodeIgniter(Object(CodeIgniter\CodeIgniter))
10 FCPATH/index.php(59): CodeIgniter\Boot::bootWeb(Object(Config\Paths))
CRITICAL - 2025-08-06 15:08:26 --> ParseError: syntax error, unexpected token "endforeach"
[Method: GET, Route: /]
in APPPATH/Views/home.php on line 51.
 1 SYSTEMPATH/View/View.php(229): CodeIgniter\View\View->CodeIgniter\View\{closure}()
 2 SYSTEMPATH/Common.php(1167): CodeIgniter\View\View->render('home', [], true)
 3 APPPATH/Controllers/BaseController.php(68): view('home', [...])
 4 APPPATH/Controllers/HomeController.php(17): App\Controllers\BaseController->render('home', [...])
 5 SYSTEMPATH/CodeIgniter.php(933): App\Controllers\HomeController->index()
 6 SYSTEMPATH/CodeIgniter.php(507): CodeIgniter\CodeIgniter->runController(Object(App\Controllers\HomeController))
 7 SYSTEMPATH/CodeIgniter.php(354): CodeIgniter\CodeIgniter->handleRequest(null, Object(Config\Cache), false)
 8 SYSTEMPATH/Boot.php(363): CodeIgniter\CodeIgniter->run()
 9 SYSTEMPATH/Boot.php(68): CodeIgniter\Boot::runCodeIgniter(Object(CodeIgniter\CodeIgniter))
10 FCPATH/index.php(59): CodeIgniter\Boot::bootWeb(Object(Config\Paths))
CRITICAL - 2025-08-06 15:10:08 --> ArgumentCountError: Too few arguments to function App\Controllers\BaseController::render(), 1 passed in /var/www/app/Controllers/FormController.php on line 12 and exactly 2 expected
[Method: GET, Route: add-medical-report]
in APPPATH/Controllers/BaseController.php on line 60.
 1 APPPATH/Controllers/FormController.php(12): App\Controllers\BaseController->render('form')
 2 SYSTEMPATH/CodeIgniter.php(933): App\Controllers\FormController->index()
 3 SYSTEMPATH/CodeIgniter.php(507): CodeIgniter\CodeIgniter->runController(Object(App\Controllers\FormController))
 4 SYSTEMPATH/CodeIgniter.php(354): CodeIgniter\CodeIgniter->handleRequest(null, Object(Config\Cache), false)
 5 SYSTEMPATH/Boot.php(363): CodeIgniter\CodeIgniter->run()
 6 SYSTEMPATH/Boot.php(68): CodeIgniter\Boot::runCodeIgniter(Object(CodeIgniter\CodeIgniter))
 7 FCPATH/index.php(59): CodeIgniter\Boot::bootWeb(Object(Config\Paths))
CRITICAL - 2025-08-06 15:11:00 --> ErrorException: Attempt to read property "patient" on array
[Method: GET, Route: /]
in APPPATH/Views/home.php on line 42.
 1 APPPATH/Views/home.php(42): CodeIgniter\Debug\Exceptions->errorHandler(2, 'Attempt to read property "patient" on array', '/var/www/app/Views/home.php', 42)
 2 SYSTEMPATH/View/View.php(226): include('/var/www/app/Views/home.php')
 3 SYSTEMPATH/View/View.php(229): CodeIgniter\View\View->CodeIgniter\View\{closure}()
 4 SYSTEMPATH/Common.php(1167): CodeIgniter\View\View->render('home', [], true)
 5 APPPATH/Controllers/BaseController.php(68): view('home', [...])
 6 APPPATH/Controllers/HomeController.php(17): App\Controllers\BaseController->render('home', [...])
 7 SYSTEMPATH/CodeIgniter.php(933): App\Controllers\HomeController->index()
 8 SYSTEMPATH/CodeIgniter.php(507): CodeIgniter\CodeIgniter->runController(Object(App\Controllers\HomeController))
 9 SYSTEMPATH/CodeIgniter.php(354): CodeIgniter\CodeIgniter->handleRequest(null, Object(Config\Cache), false)
10 SYSTEMPATH/Boot.php(363): CodeIgniter\CodeIgniter->run()
11 SYSTEMPATH/Boot.php(68): CodeIgniter\Boot::runCodeIgniter(Object(CodeIgniter\CodeIgniter))
12 FCPATH/index.php(59): CodeIgniter\Boot::bootWeb(Object(Config\Paths))
CRITICAL - 2025-08-06 15:22:25 --> CodeIgniter\HTTP\Exceptions\BadRequestException: The URI you submitted has disallowed characters: "{:reportId}"
[Method: GET, Route: medical-report/%7B:reportId%7D]
in SYSTEMPATH/Router/Router.php on line 741.
 1 SYSTEMPATH/Router/Router.php(207): CodeIgniter\Router\Router->checkDisallowedChars('medical-report/{:reportId}')
 2 SYSTEMPATH/CodeIgniter.php(832): CodeIgniter\Router\Router->handle('medical-report/{:reportId}')
 3 SYSTEMPATH/CodeIgniter.php(455): CodeIgniter\CodeIgniter->tryToRouteIt(Object(CodeIgniter\Router\RouteCollection))
 4 SYSTEMPATH/CodeIgniter.php(354): CodeIgniter\CodeIgniter->handleRequest(null, Object(Config\Cache), false)
 5 SYSTEMPATH/Boot.php(363): CodeIgniter\CodeIgniter->run()
 6 SYSTEMPATH/Boot.php(68): CodeIgniter\Boot::runCodeIgniter(Object(CodeIgniter\CodeIgniter))
 7 FCPATH/index.php(59): CodeIgniter\Boot::bootWeb(Object(Config\Paths))
CRITICAL - 2025-08-06 15:23:18 --> CodeIgniter\Router\Exceptions\RouterException: Router.invalidParameterType
[Method: GET, Route: /]
in SYSTEMPATH/Router/RouteCollection.php on line 1395.
 1 SYSTEMPATH/Router/RouteCollection.php(1395): CodeIgniter\Router\Exceptions\RouterException::forInvalidParameterType()
 2 SYSTEMPATH/Router/RouteCollection.php(1205): CodeIgniter\Router\RouteCollection->buildReverseRoute('medical-report/(:reportId)', [...])
 3 SYSTEMPATH/Common.php(951): CodeIgniter\Router\RouteCollection->reverseRoute('show-report', '4')
 4 SYSTEMPATH/Helpers/url_helper.php(505): route_to('show-report', '4')
 5 APPPATH/Views/home.php(39): url_to('show-report', '4')
 6 SYSTEMPATH/View/View.php(226): include('/var/www/app/Views/home.php')
 7 SYSTEMPATH/View/View.php(229): CodeIgniter\View\View->CodeIgniter\View\{closure}()
 8 SYSTEMPATH/Common.php(1167): CodeIgniter\View\View->render('home', [], true)
 9 APPPATH/Controllers/BaseController.php(68): view('home', [...])
10 APPPATH/Controllers/HomeController.php(17): App\Controllers\BaseController->render('home', [...])
11 SYSTEMPATH/CodeIgniter.php(933): App\Controllers\HomeController->index()
12 SYSTEMPATH/CodeIgniter.php(507): CodeIgniter\CodeIgniter->runController(Object(App\Controllers\HomeController))
13 SYSTEMPATH/CodeIgniter.php(354): CodeIgniter\CodeIgniter->handleRequest(null, Object(Config\Cache), false)
14 SYSTEMPATH/Boot.php(363): CodeIgniter\CodeIgniter->run()
15 SYSTEMPATH/Boot.php(68): CodeIgniter\Boot::runCodeIgniter(Object(CodeIgniter\CodeIgniter))
16 FCPATH/index.php(59): CodeIgniter\Boot::bootWeb(Object(Config\Paths))
CRITICAL - 2025-08-06 15:23:19 --> CodeIgniter\Router\Exceptions\RouterException: Router.invalidParameterType
[Method: GET, Route: /]
in SYSTEMPATH/Router/RouteCollection.php on line 1395.
 1 SYSTEMPATH/Router/RouteCollection.php(1395): CodeIgniter\Router\Exceptions\RouterException::forInvalidParameterType()
 2 SYSTEMPATH/Router/RouteCollection.php(1205): CodeIgniter\Router\RouteCollection->buildReverseRoute('medical-report/(:reportId)', [...])
 3 SYSTEMPATH/Common.php(951): CodeIgniter\Router\RouteCollection->reverseRoute('show-report', '4')
 4 SYSTEMPATH/Helpers/url_helper.php(505): route_to('show-report', '4')
 5 APPPATH/Views/home.php(39): url_to('show-report', '4')
 6 SYSTEMPATH/View/View.php(226): include('/var/www/app/Views/home.php')
 7 SYSTEMPATH/View/View.php(229): CodeIgniter\View\View->CodeIgniter\View\{closure}()
 8 SYSTEMPATH/Common.php(1167): CodeIgniter\View\View->render('home', [], true)
 9 APPPATH/Controllers/BaseController.php(68): view('home', [...])
10 APPPATH/Controllers/HomeController.php(17): App\Controllers\BaseController->render('home', [...])
11 SYSTEMPATH/CodeIgniter.php(933): App\Controllers\HomeController->index()
12 SYSTEMPATH/CodeIgniter.php(507): CodeIgniter\CodeIgniter->runController(Object(App\Controllers\HomeController))
13 SYSTEMPATH/CodeIgniter.php(354): CodeIgniter\CodeIgniter->handleRequest(null, Object(Config\Cache), false)
14 SYSTEMPATH/Boot.php(363): CodeIgniter\CodeIgniter->run()
15 SYSTEMPATH/Boot.php(68): CodeIgniter\Boot::runCodeIgniter(Object(CodeIgniter\CodeIgniter))
16 FCPATH/index.php(59): CodeIgniter\Boot::bootWeb(Object(Config\Paths))
CRITICAL - 2025-08-06 15:23:22 --> CodeIgniter\Router\Exceptions\RouterException: Router.invalidParameterType
[Method: GET, Route: /]
in SYSTEMPATH/Router/RouteCollection.php on line 1395.
 1 SYSTEMPATH/Router/RouteCollection.php(1395): CodeIgniter\Router\Exceptions\RouterException::forInvalidParameterType()
 2 SYSTEMPATH/Router/RouteCollection.php(1205): CodeIgniter\Router\RouteCollection->buildReverseRoute('medical-report/(:reportId)', [...])
 3 SYSTEMPATH/Common.php(951): CodeIgniter\Router\RouteCollection->reverseRoute('show-report', '4')
 4 SYSTEMPATH/Helpers/url_helper.php(505): route_to('show-report', '4')
 5 APPPATH/Views/home.php(39): url_to('show-report', '4')
 6 SYSTEMPATH/View/View.php(226): include('/var/www/app/Views/home.php')
 7 SYSTEMPATH/View/View.php(229): CodeIgniter\View\View->CodeIgniter\View\{closure}()
 8 SYSTEMPATH/Common.php(1167): CodeIgniter\View\View->render('home', [], true)
 9 APPPATH/Controllers/BaseController.php(68): view('home', [...])
10 APPPATH/Controllers/HomeController.php(17): App\Controllers\BaseController->render('home', [...])
11 SYSTEMPATH/CodeIgniter.php(933): App\Controllers\HomeController->index()
12 SYSTEMPATH/CodeIgniter.php(507): CodeIgniter\CodeIgniter->runController(Object(App\Controllers\HomeController))
13 SYSTEMPATH/CodeIgniter.php(354): CodeIgniter\CodeIgniter->handleRequest(null, Object(Config\Cache), false)
14 SYSTEMPATH/Boot.php(363): CodeIgniter\CodeIgniter->run()
15 SYSTEMPATH/Boot.php(68): CodeIgniter\Boot::runCodeIgniter(Object(CodeIgniter\CodeIgniter))
16 FCPATH/index.php(59): CodeIgniter\Boot::bootWeb(Object(Config\Paths))
